<?xml version="1.0" encoding="UTF-8"?>
<!-- Generated by org.testng.reporters.JUnitReportReporter -->
<testsuite skipped="0" hostname="LAPTOP-05S2B5QS" name="WeightWatchersTests" tests="1" failures="0" timestamp="30 Jul 2020 05:21:31 GMT" time="29.093" errors="0">
  <testcase name="wwTestOne" time="29.093" classname="WeightWatchersTests"/>
</testsuite> <!-- WeightWatchersTests -->
