<?xml version="1.0" encoding="UTF-8"?>
<!-- Generated by org.testng.reporters.JUnitReportReporter -->
<testsuite skipped="0" hostname="LAPTOP-05S2B5QS" name="test.WeightWatchers" tests="1" failures="0" timestamp="30 Jul 2020 12:58:42 GMT" time="30.195" errors="0">
  <testcase name="wwTestOne" time="30.195" classname="test.WeightWatchers"/>
</testsuite> <!-- test.WeightWatchers -->
